2026-01-02 17:39:19,986 - INFO - Backup antiguo eliminado: backups\escolares_auto_20260102_141453.db
2026-01-02 17:42:55,755 - INFO - Backup antiguo eliminado: backups\escolares_auto_20260102_150139.db
2026-01-02 17:47:18,432 - INFO - Backup antiguo eliminado: backups\escolares_auto_20260102_163836.db
2026-01-02 17:51:10,003 - INFO - Backup antiguo eliminado: backups\escolares_auto_20260102_164614.db
2026-01-02 18:03:06,549 - INFO - Backup antiguo eliminado: backups\escolares_auto_20260102_164854.db
2026-01-02 18:15:38,770 - INFO - Backup antiguo eliminado: backups\escolares_auto_20260102_170043.db
2026-01-02 18:21:58,536 - INFO - Backup antiguo eliminado: backups\escolares_auto_20260102_170130.db
2026-01-02 19:00:41,159 - INFO - Backup antiguo eliminado: backups\escolares_auto_20260102_173424.db
2026-01-02 19:02:21,348 - INFO - Backup antiguo eliminado: backups\escolares_auto_20260102_173552.db
2026-01-02 19:02:45,521 - INFO - Backup antiguo eliminado: backups\agricola_auto_20260102_173622.db
2026-01-02 19:03:00,199 - INFO - Backup antiguo eliminado: backups\agricola_auto_20260102_173919.db
2026-01-02 19:08:52,748 - INFO - Backup antiguo eliminado: backups\agricola_auto_20260102_174255.db
2026-01-02 19:56:44,035 - INFO - Migración: Columna fecha_registro ya existe en apoderados
2026-01-02 19:56:44,035 - INFO - Migración: Columna fecha_registro ya existe en estudiantes
2026-01-02 19:56:44,036 - INFO - Migración: Columna fecha_pago ya existe en mensualidades
2026-01-02 19:56:44,038 - INFO - Backup antiguo eliminado: backups\agricola_auto_20260102_174718.db
2026-01-02 20:16:33,301 - INFO - Migración: Columna fecha_registro ya existe en apoderados
2026-01-02 20:16:33,301 - INFO - Migración: Columna fecha_registro ya existe en estudiantes
2026-01-02 20:16:33,302 - INFO - Migración: Columna fecha_pago ya existe en mensualidades
2026-01-02 20:16:33,304 - INFO - Backup antiguo eliminado: backups\agricola_auto_20260102_175110.db
2026-01-02 20:28:20,358 - INFO - Migración: Columna fecha_registro ya existe en apoderados
2026-01-02 20:28:20,359 - INFO - Migración: Columna fecha_registro ya existe en estudiantes
2026-01-02 20:28:20,359 - INFO - Migración: Columna fecha_pago ya existe en mensualidades
2026-01-02 20:28:20,361 - INFO - Backup antiguo eliminado: backups\agricola_auto_20260102_180306.db
2026-01-02 20:29:15,221 - INFO - Migración: Columna fecha_registro ya existe en apoderados
2026-01-02 20:29:15,222 - INFO - Migración: Columna fecha_registro ya existe en estudiantes
2026-01-02 20:29:15,222 - INFO - Migración: Columna fecha_pago ya existe en mensualidades
2026-01-02 20:29:15,224 - INFO - Backup antiguo eliminado: backups\agricola_auto_20260102_181538.db
